{"/Users/hyunsushin/Desktop/concert-tracker-app/frontend/firebase.js": {"path":"/Users/hyunsushin/Desktop/concert-tracker-app/frontend/firebase.js","statementMap":{"0":{"start":{"line":10,"column":23},"end":{"line":18,"column":1}},"1":{"start":{"line":22,"column":0},"end":{"line":26,"column":1}},"2":{"start":{"line":23,"column":2},"end":{"line":23,"column":47}},"3":{"start":{"line":25,"column":2},"end":{"line":25,"column":23}},"4":{"start":{"line":28,"column":13},"end":{"line":28,"column":28}}},"fnMap":{},"branchMap":{"0":{"loc":{"start":{"line":22,"column":0},"end":{"line":26,"column":1}},"type":"if","locations":[{"start":{"line":22,"column":0},"end":{"line":26,"column":1}},{"start":{"line":24,"column":7},"end":{"line":26,"column":1}}],"line":22}},"s":{"0":0,"1":0,"2":0,"3":0,"4":0},"f":{},"b":{"0":[0,0]}}
,"/Users/hyunsushin/Desktop/concert-tracker-app/frontend/app/+not-found.tsx": {"path":"/Users/hyunsushin/Desktop/concert-tracker-app/frontend/app/+not-found.tsx","statementMap":{"0":{"start":{"line":9,"column":2},"end":{"line":19,"column":4}},"1":{"start":{"line":22,"column":15},"end":{"line":33,"column":2}}},"fnMap":{"0":{"name":"NotFoundScreen","decl":{"start":{"line":8,"column":24},"end":{"line":8,"column":38}},"loc":{"start":{"line":8,"column":41},"end":{"line":20,"column":1}},"line":8}},"branchMap":{},"s":{"0":0,"1":0},"f":{"0":0},"b":{}}
,"/Users/hyunsushin/Desktop/concert-tracker-app/frontend/app/_layout.tsx": {"path":"/Users/hyunsushin/Desktop/concert-tracker-app/frontend/app/_layout.tsx","statementMap":{"0":{"start":{"line":13,"column":0},"end":{"line":13,"column":36}},"1":{"start":{"line":16,"column":48},"end":{"line":16,"column":78}},"2":{"start":{"line":18,"column":19},"end":{"line":20,"column":4}},"3":{"start":{"line":22,"column":2},"end":{"line":28,"column":9}},"4":{"start":{"line":23,"column":24},"end":{"line":25,"column":6}},"5":{"start":{"line":24,"column":6},"end":{"line":24,"column":33}},"6":{"start":{"line":27,"column":4},"end":{"line":27,"column":31}},"7":{"start":{"line":27,"column":17},"end":{"line":27,"column":30}},"8":{"start":{"line":30,"column":2},"end":{"line":34,"column":32}},"9":{"start":{"line":31,"column":4},"end":{"line":33,"column":5}},"10":{"start":{"line":32,"column":6},"end":{"line":32,"column":31}},"11":{"start":{"line":36,"column":2},"end":{"line":38,"column":3}},"12":{"start":{"line":37,"column":4},"end":{"line":37,"column":16}},"13":{"start":{"line":40,"column":2},"end":{"line":50,"column":4}}},"fnMap":{"0":{"name":"RootLayout","decl":{"start":{"line":15,"column":24},"end":{"line":15,"column":34}},"loc":{"start":{"line":15,"column":37},"end":{"line":51,"column":1}},"line":15},"1":{"name":"(anonymous_1)","decl":{"start":{"line":22,"column":12},"end":{"line":22,"column":13}},"loc":{"start":{"line":22,"column":18},"end":{"line":28,"column":3}},"line":22},"2":{"name":"(anonymous_2)","decl":{"start":{"line":23,"column":49},"end":{"line":23,"column":50}},"loc":{"start":{"line":23,"column":59},"end":{"line":25,"column":5}},"line":23},"3":{"name":"(anonymous_3)","decl":{"start":{"line":27,"column":11},"end":{"line":27,"column":12}},"loc":{"start":{"line":27,"column":17},"end":{"line":27,"column":30}},"line":27},"4":{"name":"(anonymous_4)","decl":{"start":{"line":30,"column":12},"end":{"line":30,"column":13}},"loc":{"start":{"line":30,"column":18},"end":{"line":34,"column":3}},"line":30}},"branchMap":{"0":{"loc":{"start":{"line":31,"column":4},"end":{"line":33,"column":5}},"type":"if","locations":[{"start":{"line":31,"column":4},"end":{"line":33,"column":5}},{"start":{},"end":{}}],"line":31},"1":{"loc":{"start":{"line":31,"column":8},"end":{"line":31,"column":42}},"type":"binary-expr","locations":[{"start":{"line":31,"column":8},"end":{"line":31,"column":14}},{"start":{"line":31,"column":18},"end":{"line":31,"column":42}}],"line":31},"2":{"loc":{"start":{"line":36,"column":2},"end":{"line":38,"column":3}},"type":"if","locations":[{"start":{"line":36,"column":2},"end":{"line":38,"column":3}},{"start":{},"end":{}}],"line":36},"3":{"loc":{"start":{"line":36,"column":6},"end":{"line":36,"column":41}},"type":"binary-expr","locations":[{"start":{"line":36,"column":6},"end":{"line":36,"column":13}},{"start":{"line":36,"column":17},"end":{"line":36,"column":41}}],"line":36}},"s":{"0":0,"1":0,"2":0,"3":0,"4":0,"5":0,"6":0,"7":0,"8":0,"9":0,"10":0,"11":0,"12":0,"13":0},"f":{"0":0,"1":0,"2":0,"3":0,"4":0},"b":{"0":[0,0],"1":[0,0],"2":[0,0],"3":[0,0]}}
,"/Users/hyunsushin/Desktop/concert-tracker-app/frontend/app/event-details.tsx": {"path":"/Users/hyunsushin/Desktop/concert-tracker-app/frontend/app/event-details.tsx","statementMap":{"0":{"start":{"line":15,"column":45},"end":{"line":15,"column":67}},"1":{"start":{"line":16,"column":17},"end":{"line":16,"column":28}},"2":{"start":{"line":18,"column":21},"end":{"line":18,"column":72}},"3":{"start":{"line":19,"column":21},"end":{"line":19,"column":72}},"4":{"start":{"line":20,"column":20},"end":{"line":20,"column":68}},"5":{"start":{"line":22,"column":2},"end":{"line":46,"column":4}},"6":{"start":{"line":30,"column":36},"end":{"line":30,"column":49}},"7":{"start":{"line":38,"column":51},"end":{"line":38,"column":77}},"8":{"start":{"line":49,"column":15},"end":{"line":79,"column":2}}},"fnMap":{"0":{"name":"EventDetails","decl":{"start":{"line":14,"column":24},"end":{"line":14,"column":36}},"loc":{"start":{"line":14,"column":39},"end":{"line":47,"column":1}},"line":14},"1":{"name":"(anonymous_1)","decl":{"start":{"line":30,"column":30},"end":{"line":30,"column":31}},"loc":{"start":{"line":30,"column":36},"end":{"line":30,"column":49}},"line":30},"2":{"name":"(anonymous_2)","decl":{"start":{"line":38,"column":45},"end":{"line":38,"column":46}},"loc":{"start":{"line":38,"column":51},"end":{"line":38,"column":77}},"line":38}},"branchMap":{"0":{"loc":{"start":{"line":18,"column":21},"end":{"line":18,"column":72}},"type":"cond-expr","locations":[{"start":{"line":18,"column":48},"end":{"line":18,"column":60}},{"start":{"line":18,"column":63},"end":{"line":18,"column":72}}],"line":18},"1":{"loc":{"start":{"line":19,"column":21},"end":{"line":19,"column":72}},"type":"cond-expr","locations":[{"start":{"line":19,"column":48},"end":{"line":19,"column":60}},{"start":{"line":19,"column":63},"end":{"line":19,"column":72}}],"line":19},"2":{"loc":{"start":{"line":20,"column":20},"end":{"line":20,"column":68}},"type":"cond-expr","locations":[{"start":{"line":20,"column":46},"end":{"line":20,"column":57}},{"start":{"line":20,"column":60},"end":{"line":20,"column":68}}],"line":20}},"s":{"0":0,"1":0,"2":0,"3":0,"4":0,"5":0,"6":0,"7":0,"8":0},"f":{"0":0,"1":0,"2":0},"b":{"0":[0,0],"1":[0,0],"2":[0,0]}}
,"/Users/hyunsushin/Desktop/concert-tracker-app/frontend/app/login.tsx": {"path":"/Users/hyunsushin/Desktop/concert-tracker-app/frontend/app/login.tsx","statementMap":{"0":{"start":{"line":14,"column":28},"end":{"line":14,"column":40}},"1":{"start":{"line":15,"column":34},"end":{"line":15,"column":46}},"2":{"start":{"line":17,"column":2},"end":{"line":28,"column":9}},"3":{"start":{"line":21,"column":24},"end":{"line":26,"column":6}},"4":{"start":{"line":24,"column":6},"end":{"line":25,"column":7}},"5":{"start":{"line":27,"column":4},"end":{"line":27,"column":23}},"6":{"start":{"line":30,"column":22},"end":{"line":38,"column":3}},"7":{"start":{"line":31,"column":4},"end":{"line":37,"column":46}},"8":{"start":{"line":34,"column":21},"end":{"line":34,"column":41}},"9":{"start":{"line":35,"column":8},"end":{"line":35,"column":25}},"10":{"start":{"line":37,"column":24},"end":{"line":37,"column":44}},"11":{"start":{"line":40,"column":2},"end":{"line":72,"column":4}},"12":{"start":{"line":47,"column":34},"end":{"line":47,"column":48}},"13":{"start":{"line":54,"column":34},"end":{"line":54,"column":51}},"14":{"start":{"line":67,"column":29},"end":{"line":67,"column":51}},"15":{"start":{"line":75,"column":15},"end":{"line":119,"column":2}}},"fnMap":{"0":{"name":"LoginScreen","decl":{"start":{"line":13,"column":24},"end":{"line":13,"column":35}},"loc":{"start":{"line":13,"column":40},"end":{"line":73,"column":1}},"line":13},"1":{"name":"(anonymous_1)","decl":{"start":{"line":17,"column":12},"end":{"line":17,"column":13}},"loc":{"start":{"line":17,"column":18},"end":{"line":28,"column":3}},"line":17},"2":{"name":"(anonymous_2)","decl":{"start":{"line":21,"column":48},"end":{"line":21,"column":49}},"loc":{"start":{"line":21,"column":58},"end":{"line":26,"column":5}},"line":21},"3":{"name":"(anonymous_3)","decl":{"start":{"line":30,"column":22},"end":{"line":30,"column":23}},"loc":{"start":{"line":30,"column":28},"end":{"line":38,"column":3}},"line":30},"4":{"name":"(anonymous_4)","decl":{"start":{"line":33,"column":12},"end":{"line":33,"column":13}},"loc":{"start":{"line":33,"column":33},"end":{"line":36,"column":7}},"line":33},"5":{"name":"(anonymous_5)","decl":{"start":{"line":37,"column":13},"end":{"line":37,"column":14}},"loc":{"start":{"line":37,"column":24},"end":{"line":37,"column":44}},"line":37},"6":{"name":"(anonymous_6)","decl":{"start":{"line":47,"column":24},"end":{"line":47,"column":25}},"loc":{"start":{"line":47,"column":34},"end":{"line":47,"column":48}},"line":47},"7":{"name":"(anonymous_7)","decl":{"start":{"line":54,"column":24},"end":{"line":54,"column":25}},"loc":{"start":{"line":54,"column":34},"end":{"line":54,"column":51}},"line":54},"8":{"name":"(anonymous_8)","decl":{"start":{"line":67,"column":23},"end":{"line":67,"column":24}},"loc":{"start":{"line":67,"column":29},"end":{"line":67,"column":51}},"line":67}},"branchMap":{"0":{"loc":{"start":{"line":24,"column":6},"end":{"line":25,"column":7}},"type":"if","locations":[{"start":{"line":24,"column":6},"end":{"line":25,"column":7}},{"start":{},"end":{}}],"line":24}},"s":{"0":0,"1":0,"2":0,"3":0,"4":0,"5":0,"6":0,"7":0,"8":0,"9":0,"10":0,"11":0,"12":0,"13":0,"14":0,"15":0},"f":{"0":0,"1":0,"2":0,"3":0,"4":0,"5":0,"6":0,"7":0,"8":0},"b":{"0":[0,0]}}
,"/Users/hyunsushin/Desktop/concert-tracker-app/frontend/app/marked-events-list.tsx": {"path":"/Users/hyunsushin/Desktop/concert-tracker-app/frontend/app/marked-events-list.tsx","statementMap":{"0":{"start":{"line":15,"column":29},"end":{"line":15,"column":51}},"1":{"start":{"line":16,"column":17},"end":{"line":16,"column":28}},"2":{"start":{"line":18,"column":23},"end":{"line":18,"column":65}},"3":{"start":{"line":19,"column":26},"end":{"line":19,"column":50}},"4":{"start":{"line":21,"column":2},"end":{"line":39,"column":4}},"5":{"start":{"line":28,"column":34},"end":{"line":28,"column":47}},"6":{"start":{"line":42,"column":15},"end":{"line":58,"column":2}}},"fnMap":{"0":{"name":"MarkedEventsList","decl":{"start":{"line":14,"column":24},"end":{"line":14,"column":40}},"loc":{"start":{"line":14,"column":43},"end":{"line":40,"column":1}},"line":14},"1":{"name":"(anonymous_1)","decl":{"start":{"line":28,"column":28},"end":{"line":28,"column":29}},"loc":{"start":{"line":28,"column":34},"end":{"line":28,"column":47}},"line":28}},"branchMap":{"0":{"loc":{"start":{"line":18,"column":23},"end":{"line":18,"column":65}},"type":"cond-expr","locations":[{"start":{"line":18,"column":47},"end":{"line":18,"column":56}},{"start":{"line":18,"column":59},"end":{"line":18,"column":65}}],"line":18}},"s":{"0":0,"1":0,"2":0,"3":0,"4":0,"5":0,"6":0},"f":{"0":0,"1":0},"b":{"0":[0,0]}}
,"/Users/hyunsushin/Desktop/concert-tracker-app/frontend/app/signup.tsx": {"path":"/Users/hyunsushin/Desktop/concert-tracker-app/frontend/app/signup.tsx","statementMap":{"0":{"start":{"line":15,"column":30},"end":{"line":15,"column":42}},"1":{"start":{"line":16,"column":36},"end":{"line":16,"column":48}},"2":{"start":{"line":17,"column":38},"end":{"line":17,"column":50}},"3":{"start":{"line":18,"column":36},"end":{"line":18,"column":48}},"4":{"start":{"line":19,"column":36},"end":{"line":19,"column":48}},"5":{"start":{"line":21,"column":4},"end":{"line":32,"column":11}},"6":{"start":{"line":25,"column":26},"end":{"line":30,"column":8}},"7":{"start":{"line":28,"column":8},"end":{"line":29,"column":9}},"8":{"start":{"line":31,"column":6},"end":{"line":31,"column":25}},"9":{"start":{"line":34,"column":25},"end":{"line":58,"column":5}},"10":{"start":{"line":36,"column":6},"end":{"line":43,"column":48}},"11":{"start":{"line":39,"column":23},"end":{"line":39,"column":43}},"12":{"start":{"line":40,"column":10},"end":{"line":40,"column":54}},"13":{"start":{"line":41,"column":10},"end":{"line":41,"column":27}},"14":{"start":{"line":43,"column":26},"end":{"line":43,"column":46}},"15":{"start":{"line":46,"column":8},"end":{"line":57,"column":9}},"16":{"start":{"line":47,"column":29},"end":{"line":53,"column":14}},"17":{"start":{"line":54,"column":12},"end":{"line":54,"column":52}},"18":{"start":{"line":56,"column":12},"end":{"line":56,"column":81}},"19":{"start":{"line":60,"column":4},"end":{"line":113,"column":6}},"20":{"start":{"line":67,"column":36},"end":{"line":67,"column":50}},"21":{"start":{"line":74,"column":36},"end":{"line":74,"column":54}},"22":{"start":{"line":81,"column":36},"end":{"line":81,"column":53}},"23":{"start":{"line":88,"column":36},"end":{"line":88,"column":53}},"24":{"start":{"line":95,"column":36},"end":{"line":95,"column":53}},"25":{"start":{"line":108,"column":32},"end":{"line":108,"column":45}},"26":{"start":{"line":116,"column":17},"end":{"line":161,"column":4}}},"fnMap":{"0":{"name":"SignUpScreen","decl":{"start":{"line":14,"column":26},"end":{"line":14,"column":38}},"loc":{"start":{"line":14,"column":43},"end":{"line":114,"column":3}},"line":14},"1":{"name":"(anonymous_1)","decl":{"start":{"line":21,"column":14},"end":{"line":21,"column":15}},"loc":{"start":{"line":21,"column":20},"end":{"line":32,"column":5}},"line":21},"2":{"name":"(anonymous_2)","decl":{"start":{"line":25,"column":50},"end":{"line":25,"column":51}},"loc":{"start":{"line":25,"column":60},"end":{"line":30,"column":7}},"line":25},"3":{"name":"(anonymous_3)","decl":{"start":{"line":34,"column":25},"end":{"line":34,"column":26}},"loc":{"start":{"line":34,"column":37},"end":{"line":58,"column":5}},"line":34},"4":{"name":"(anonymous_4)","decl":{"start":{"line":38,"column":14},"end":{"line":38,"column":15}},"loc":{"start":{"line":38,"column":35},"end":{"line":42,"column":9}},"line":38},"5":{"name":"(anonymous_5)","decl":{"start":{"line":43,"column":15},"end":{"line":43,"column":16}},"loc":{"start":{"line":43,"column":26},"end":{"line":43,"column":46}},"line":43},"6":{"name":"(anonymous_6)","decl":{"start":{"line":67,"column":26},"end":{"line":67,"column":27}},"loc":{"start":{"line":67,"column":36},"end":{"line":67,"column":50}},"line":67},"7":{"name":"(anonymous_7)","decl":{"start":{"line":74,"column":26},"end":{"line":74,"column":27}},"loc":{"start":{"line":74,"column":36},"end":{"line":74,"column":54}},"line":74},"8":{"name":"(anonymous_8)","decl":{"start":{"line":81,"column":26},"end":{"line":81,"column":27}},"loc":{"start":{"line":81,"column":36},"end":{"line":81,"column":53}},"line":81},"9":{"name":"(anonymous_9)","decl":{"start":{"line":88,"column":26},"end":{"line":88,"column":27}},"loc":{"start":{"line":88,"column":36},"end":{"line":88,"column":53}},"line":88},"10":{"name":"(anonymous_10)","decl":{"start":{"line":95,"column":26},"end":{"line":95,"column":27}},"loc":{"start":{"line":95,"column":36},"end":{"line":95,"column":53}},"line":95},"11":{"name":"(anonymous_11)","decl":{"start":{"line":108,"column":25},"end":{"line":108,"column":26}},"loc":{"start":{"line":108,"column":31},"end":{"line":108,"column":46}},"line":108}},"branchMap":{"0":{"loc":{"start":{"line":28,"column":8},"end":{"line":29,"column":9}},"type":"if","locations":[{"start":{"line":28,"column":8},"end":{"line":29,"column":9}},{"start":{},"end":{}}],"line":28},"1":{"loc":{"start":{"line":56,"column":36},"end":{"line":56,"column":80}},"type":"binary-expr","locations":[{"start":{"line":56,"column":36},"end":{"line":56,"column":63}},{"start":{"line":56,"column":67},"end":{"line":56,"column":80}}],"line":56}},"s":{"0":0,"1":0,"2":0,"3":0,"4":0,"5":0,"6":0,"7":0,"8":0,"9":0,"10":0,"11":0,"12":0,"13":0,"14":0,"15":0,"16":0,"17":0,"18":0,"19":0,"20":0,"21":0,"22":0,"23":0,"24":0,"25":0,"26":0},"f":{"0":0,"1":0,"2":0,"3":0,"4":0,"5":0,"6":0,"7":0,"8":0,"9":0,"10":0,"11":0},"b":{"0":[0,0],"1":[0,0]}}
,"/Users/hyunsushin/Desktop/concert-tracker-app/frontend/app/(tabs)/_layout.tsx": {"path":"/Users/hyunsushin/Desktop/concert-tracker-app/frontend/app/(tabs)/_layout.tsx","statementMap":{"0":{"start":{"line":13,"column":22},"end":{"line":13,"column":38}},"1":{"start":{"line":15,"column":2},"end":{"line":17,"column":3}},"2":{"start":{"line":16,"column":4},"end":{"line":16,"column":38}},"3":{"start":{"line":19,"column":2},"end":{"line":63,"column":4}},"4":{"start":{"line":40,"column":12},"end":{"line":40,"column":68}},"5":{"start":{"line":49,"column":12},"end":{"line":49,"column":73}},"6":{"start":{"line":58,"column":12},"end":{"line":58,"column":76}}},"fnMap":{"0":{"name":"TabLayout","decl":{"start":{"line":12,"column":24},"end":{"line":12,"column":33}},"loc":{"start":{"line":12,"column":36},"end":{"line":64,"column":1}},"line":12},"1":{"name":"(anonymous_1)","decl":{"start":{"line":39,"column":22},"end":{"line":39,"column":23}},"loc":{"start":{"line":40,"column":12},"end":{"line":40,"column":68}},"line":40},"2":{"name":"(anonymous_2)","decl":{"start":{"line":48,"column":22},"end":{"line":48,"column":23}},"loc":{"start":{"line":49,"column":12},"end":{"line":49,"column":73}},"line":49},"3":{"name":"(anonymous_3)","decl":{"start":{"line":57,"column":22},"end":{"line":57,"column":23}},"loc":{"start":{"line":58,"column":12},"end":{"line":58,"column":76}},"line":58}},"branchMap":{"0":{"loc":{"start":{"line":15,"column":2},"end":{"line":17,"column":3}},"type":"if","locations":[{"start":{"line":15,"column":2},"end":{"line":17,"column":3}},{"start":{},"end":{}}],"line":15},"1":{"loc":{"start":{"line":22,"column":38},"end":{"line":22,"column":60}},"type":"binary-expr","locations":[{"start":{"line":22,"column":38},"end":{"line":22,"column":49}},{"start":{"line":22,"column":53},"end":{"line":22,"column":60}}],"line":22}},"s":{"0":0,"1":0,"2":0,"3":0,"4":0,"5":0,"6":0},"f":{"0":0,"1":0,"2":0,"3":0},"b":{"0":[0,0],"1":[0,0]}}
,"/Users/hyunsushin/Desktop/concert-tracker-app/frontend/app/(tabs)/index.tsx": {"path":"/Users/hyunsushin/Desktop/concert-tracker-app/frontend/app/(tabs)/index.tsx","statementMap":{"0":{"start":{"line":15,"column":28},"end":{"line":15,"column":37}},"1":{"start":{"line":16,"column":36},"end":{"line":16,"column":48}},"2":{"start":{"line":18,"column":2},"end":{"line":23,"column":6}},"3":{"start":{"line":19,"column":4},"end":{"line":23,"column":6}},"4":{"start":{"line":24,"column":2},"end":{"line":29,"column":6}},"5":{"start":{"line":25,"column":4},"end":{"line":29,"column":6}},"6":{"start":{"line":31,"column":22},"end":{"line":41,"column":3}},"7":{"start":{"line":32,"column":4},"end":{"line":40,"column":5}},"8":{"start":{"line":33,"column":18},"end":{"line":35,"column":7}},"9":{"start":{"line":36,"column":24},"end":{"line":36,"column":47}},"10":{"start":{"line":37,"column":6},"end":{"line":37,"column":30}},"11":{"start":{"line":39,"column":6},"end":{"line":39,"column":37}},"12":{"start":{"line":43,"column":2},"end":{"line":43,"column":16}},"13":{"start":{"line":45,"column":2},"end":{"line":58,"column":4}},"14":{"start":{"line":61,"column":15},"end":{"line":82,"column":2}}},"fnMap":{"0":{"name":"Index","decl":{"start":{"line":14,"column":24},"end":{"line":14,"column":29}},"loc":{"start":{"line":14,"column":32},"end":{"line":59,"column":1}},"line":14},"1":{"name":"(anonymous_1)","decl":{"start":{"line":31,"column":22},"end":{"line":31,"column":23}},"loc":{"start":{"line":31,"column":34},"end":{"line":41,"column":3}},"line":31}},"branchMap":{"0":{"loc":{"start":{"line":18,"column":2},"end":{"line":23,"column":6}},"type":"if","locations":[{"start":{"line":18,"column":2},"end":{"line":23,"column":6}},{"start":{},"end":{}}],"line":18},"1":{"loc":{"start":{"line":24,"column":2},"end":{"line":29,"column":6}},"type":"if","locations":[{"start":{"line":24,"column":2},"end":{"line":29,"column":6}},{"start":{},"end":{}}],"line":24}},"s":{"0":0,"1":0,"2":0,"3":0,"4":0,"5":0,"6":0,"7":0,"8":0,"9":0,"10":0,"11":0,"12":0,"13":0,"14":0},"f":{"0":0,"1":0},"b":{"0":[0,0],"1":[0,0]}}
,"/Users/hyunsushin/Desktop/concert-tracker-app/frontend/app/(tabs)/profile.tsx": {"path":"/Users/hyunsushin/Desktop/concert-tracker-app/frontend/app/(tabs)/profile.tsx","statementMap":{"0":{"start":{"line":62,"column":28},"end":{"line":62,"column":57}},"1":{"start":{"line":63,"column":22},"end":{"line":80,"column":3}},"2":{"start":{"line":64,"column":23},"end":{"line":64,"column":74}},"3":{"start":{"line":65,"column":4},"end":{"line":79,"column":5}},"4":{"start":{"line":66,"column":6},"end":{"line":68,"column":8}},"5":{"start":{"line":70,"column":25},"end":{"line":75,"column":8}},"6":{"start":{"line":76,"column":6},"end":{"line":78,"column":7}},"7":{"start":{"line":77,"column":8},"end":{"line":77,"column":45}},"8":{"start":{"line":82,"column":2},"end":{"line":94,"column":4}},"9":{"start":{"line":98,"column":28},"end":{"line":98,"column":37}},"10":{"start":{"line":99,"column":2},"end":{"line":99,"column":46}},"11":{"start":{"line":99,"column":15},"end":{"line":99,"column":46}},"12":{"start":{"line":100,"column":2},"end":{"line":100,"column":47}},"13":{"start":{"line":100,"column":13},"end":{"line":100,"column":47}},"14":{"start":{"line":102,"column":56},"end":{"line":102,"column":67}},"15":{"start":{"line":103,"column":50},"end":{"line":103,"column":61}},"16":{"start":{"line":104,"column":46},"end":{"line":104,"column":73}},"17":{"start":{"line":105,"column":40},"end":{"line":105,"column":67}},"18":{"start":{"line":106,"column":48},"end":{"line":106,"column":60}},"19":{"start":{"line":108,"column":24},"end":{"line":133,"column":3}},"20":{"start":{"line":109,"column":4},"end":{"line":132,"column":5}},"21":{"start":{"line":110,"column":18},"end":{"line":110,"column":84}},"22":{"start":{"line":111,"column":23},"end":{"line":111,"column":43}},"23":{"start":{"line":113,"column":21},"end":{"line":113,"column":49}},"24":{"start":{"line":115,"column":6},"end":{"line":115,"column":33}},"25":{"start":{"line":117,"column":29},"end":{"line":119,"column":7}},"26":{"start":{"line":118,"column":28},"end":{"line":118,"column":51}},"27":{"start":{"line":121,"column":26},"end":{"line":123,"column":7}},"28":{"start":{"line":122,"column":28},"end":{"line":122,"column":48}},"29":{"start":{"line":125,"column":6},"end":{"line":125,"column":40}},"30":{"start":{"line":126,"column":6},"end":{"line":126,"column":34}},"31":{"start":{"line":128,"column":6},"end":{"line":128,"column":52}},"32":{"start":{"line":129,"column":6},"end":{"line":129,"column":46}},"33":{"start":{"line":131,"column":6},"end":{"line":131,"column":76}},"34":{"start":{"line":135,"column":2},"end":{"line":135,"column":18}},"35":{"start":{"line":137,"column":2},"end":{"line":204,"column":4}},"36":{"start":{"line":155,"column":12},"end":{"line":157,"column":14}},"37":{"start":{"line":156,"column":14},"end":{"line":156,"column":36}},"38":{"start":{"line":207,"column":15},"end":{"line":278,"column":2}}},"fnMap":{"0":{"name":"ProfileImageUpload","decl":{"start":{"line":61,"column":9},"end":{"line":61,"column":27}},"loc":{"start":{"line":61,"column":30},"end":{"line":95,"column":1}},"line":61},"1":{"name":"(anonymous_1)","decl":{"start":{"line":63,"column":22},"end":{"line":63,"column":23}},"loc":{"start":{"line":63,"column":34},"end":{"line":80,"column":3}},"line":63},"2":{"name":"Profile","decl":{"start":{"line":97,"column":24},"end":{"line":97,"column":31}},"loc":{"start":{"line":97,"column":34},"end":{"line":205,"column":1}},"line":97},"3":{"name":"(anonymous_3)","decl":{"start":{"line":108,"column":24},"end":{"line":108,"column":25}},"loc":{"start":{"line":108,"column":36},"end":{"line":133,"column":3}},"line":108},"4":{"name":"(anonymous_4)","decl":{"start":{"line":118,"column":8},"end":{"line":118,"column":9}},"loc":{"start":{"line":118,"column":28},"end":{"line":118,"column":51}},"line":118},"5":{"name":"(anonymous_5)","decl":{"start":{"line":122,"column":8},"end":{"line":122,"column":9}},"loc":{"start":{"line":122,"column":28},"end":{"line":122,"column":48}},"line":122},"6":{"name":"(anonymous_6)","decl":{"start":{"line":154,"column":19},"end":{"line":154,"column":20}},"loc":{"start":{"line":155,"column":12},"end":{"line":157,"column":14}},"line":155},"7":{"name":"(anonymous_7)","decl":{"start":{"line":155,"column":31},"end":{"line":155,"column":32}},"loc":{"start":{"line":155,"column":37},"end":{"line":157,"column":13}},"line":155}},"branchMap":{"0":{"loc":{"start":{"line":65,"column":4},"end":{"line":79,"column":5}},"type":"if","locations":[{"start":{"line":65,"column":4},"end":{"line":79,"column":5}},{"start":{"line":69,"column":11},"end":{"line":79,"column":5}}],"line":65},"1":{"loc":{"start":{"line":76,"column":6},"end":{"line":78,"column":7}},"type":"if","locations":[{"start":{"line":76,"column":6},"end":{"line":78,"column":7}},{"start":{},"end":{}}],"line":76},"2":{"loc":{"start":{"line":84,"column":7},"end":{"line":86,"column":7}},"type":"binary-expr","locations":[{"start":{"line":84,"column":7},"end":{"line":84,"column":12}},{"start":{"line":85,"column":8},"end":{"line":85,"column":77}}],"line":84},"3":{"loc":{"start":{"line":99,"column":2},"end":{"line":99,"column":46}},"type":"if","locations":[{"start":{"line":99,"column":2},"end":{"line":99,"column":46}},{"start":{},"end":{}}],"line":99},"4":{"loc":{"start":{"line":100,"column":2},"end":{"line":100,"column":47}},"type":"if","locations":[{"start":{"line":100,"column":2},"end":{"line":100,"column":47}},{"start":{},"end":{}}],"line":100},"5":{"loc":{"start":{"line":131,"column":30},"end":{"line":131,"column":74}},"type":"binary-expr","locations":[{"start":{"line":131,"column":30},"end":{"line":131,"column":57}},{"start":{"line":131,"column":61},"end":{"line":131,"column":74}}],"line":131},"6":{"loc":{"start":{"line":178,"column":17},"end":{"line":178,"column":49}},"type":"binary-expr","locations":[{"start":{"line":178,"column":17},"end":{"line":178,"column":42}},{"start":{"line":178,"column":46},"end":{"line":178,"column":49}}],"line":178},"7":{"loc":{"start":{"line":196,"column":43},"end":{"line":196,"column":72}},"type":"binary-expr","locations":[{"start":{"line":196,"column":43},"end":{"line":196,"column":65}},{"start":{"line":196,"column":69},"end":{"line":196,"column":72}}],"line":196}},"s":{"0":0,"1":0,"2":0,"3":0,"4":0,"5":0,"6":0,"7":0,"8":0,"9":0,"10":0,"11":0,"12":0,"13":0,"14":0,"15":0,"16":0,"17":0,"18":0,"19":0,"20":0,"21":0,"22":0,"23":0,"24":0,"25":0,"26":0,"27":0,"28":0,"29":0,"30":0,"31":0,"32":0,"33":0,"34":0,"35":0,"36":0,"37":0,"38":0},"f":{"0":0,"1":0,"2":0,"3":0,"4":0,"5":0,"6":0,"7":0},"b":{"0":[0,0],"1":[0,0],"2":[0,0],"3":[0,0],"4":[0,0],"5":[0,0],"6":[0,0],"7":[0,0]}}
,"/Users/hyunsushin/Desktop/concert-tracker-app/frontend/app/(tabs)/search.tsx": {"path":"/Users/hyunsushin/Desktop/concert-tracker-app/frontend/app/(tabs)/search.tsx","statementMap":{"0":{"start":{"line":15,"column":30},"end":{"line":15,"column":63}},"1":{"start":{"line":16,"column":32},"end":{"line":16,"column":44}},"2":{"start":{"line":17,"column":26},"end":{"line":17,"column":38}},"3":{"start":{"line":18,"column":26},"end":{"line":18,"column":46}},"4":{"start":{"line":20,"column":27},"end":{"line":25,"column":3}},"5":{"start":{"line":24,"column":4},"end":{"line":24,"column":44}},"6":{"start":{"line":24,"column":22},"end":{"line":24,"column":44}},"7":{"start":{"line":30,"column":2},"end":{"line":54,"column":28}},"8":{"start":{"line":31,"column":22},"end":{"line":50,"column":5}},"9":{"start":{"line":32,"column":28},"end":{"line":32,"column":66}},"10":{"start":{"line":33,"column":6},"end":{"line":49,"column":7}},"11":{"start":{"line":34,"column":20},"end":{"line":43,"column":9}},"12":{"start":{"line":45,"column":23},"end":{"line":45,"column":37}},"13":{"start":{"line":46,"column":8},"end":{"line":46,"column":26}},"14":{"start":{"line":48,"column":8},"end":{"line":48,"column":39}},"15":{"start":{"line":52,"column":4},"end":{"line":53,"column":21}},"16":{"start":{"line":52,"column":27},"end":{"line":52,"column":41}},"17":{"start":{"line":53,"column":9},"end":{"line":53,"column":21}},"18":{"start":{"line":56,"column":2},"end":{"line":98,"column":4}},"19":{"start":{"line":101,"column":15},"end":{"line":140,"column":2}}},"fnMap":{"0":{"name":"Search","decl":{"start":{"line":14,"column":24},"end":{"line":14,"column":30}},"loc":{"start":{"line":14,"column":33},"end":{"line":99,"column":1}},"line":14},"1":{"name":"(anonymous_1)","decl":{"start":{"line":20,"column":27},"end":{"line":20,"column":28}},"loc":{"start":{"line":23,"column":7},"end":{"line":25,"column":3}},"line":23},"2":{"name":"(anonymous_2)","decl":{"start":{"line":30,"column":12},"end":{"line":30,"column":13}},"loc":{"start":{"line":30,"column":18},"end":{"line":54,"column":3}},"line":30},"3":{"name":"(anonymous_3)","decl":{"start":{"line":31,"column":22},"end":{"line":31,"column":23}},"loc":{"start":{"line":31,"column":34},"end":{"line":50,"column":5}},"line":31}},"branchMap":{"0":{"loc":{"start":{"line":24,"column":4},"end":{"line":24,"column":44}},"type":"if","locations":[{"start":{"line":24,"column":4},"end":{"line":24,"column":44}},{"start":{},"end":{}}],"line":24},"1":{"loc":{"start":{"line":52,"column":4},"end":{"line":53,"column":21}},"type":"if","locations":[{"start":{"line":52,"column":4},"end":{"line":53,"column":21}},{"start":{"line":53,"column":9},"end":{"line":53,"column":21}}],"line":52},"2":{"loc":{"start":{"line":52,"column":8},"end":{"line":52,"column":25}},"type":"binary-expr","locations":[{"start":{"line":52,"column":8},"end":{"line":52,"column":16}},{"start":{"line":52,"column":20},"end":{"line":52,"column":25}}],"line":52}},"s":{"0":0,"1":0,"2":0,"3":0,"4":0,"5":0,"6":0,"7":0,"8":0,"9":0,"10":0,"11":0,"12":0,"13":0,"14":0,"15":0,"16":0,"17":0,"18":0,"19":0},"f":{"0":0,"1":0,"2":0,"3":0},"b":{"0":[0,0],"1":[0,0],"2":[0,0]}}
,"/Users/hyunsushin/Desktop/concert-tracker-app/frontend/components/Collapsible.tsx": {"path":"/Users/hyunsushin/Desktop/concert-tracker-app/frontend/components/Collapsible.tsx","statementMap":{"0":{"start":{"line":11,"column":30},"end":{"line":11,"column":45}},"1":{"start":{"line":12,"column":16},"end":{"line":12,"column":43}},"2":{"start":{"line":14,"column":2},"end":{"line":32,"column":4}},"3":{"start":{"line":18,"column":23},"end":{"line":18,"column":51}},"4":{"start":{"line":18,"column":44},"end":{"line":18,"column":50}},"5":{"start":{"line":35,"column":15},"end":{"line":45,"column":2}}},"fnMap":{"0":{"name":"Collapsible","decl":{"start":{"line":10,"column":16},"end":{"line":10,"column":27}},"loc":{"start":{"line":10,"column":88},"end":{"line":33,"column":1}},"line":10},"1":{"name":"(anonymous_1)","decl":{"start":{"line":18,"column":17},"end":{"line":18,"column":18}},"loc":{"start":{"line":18,"column":23},"end":{"line":18,"column":51}},"line":18},"2":{"name":"(anonymous_2)","decl":{"start":{"line":18,"column":33},"end":{"line":18,"column":34}},"loc":{"start":{"line":18,"column":44},"end":{"line":18,"column":50}},"line":18}},"branchMap":{"0":{"loc":{"start":{"line":12,"column":16},"end":{"line":12,"column":43}},"type":"binary-expr","locations":[{"start":{"line":12,"column":16},"end":{"line":12,"column":32}},{"start":{"line":12,"column":36},"end":{"line":12,"column":43}}],"line":12},"1":{"loc":{"start":{"line":24,"column":17},"end":{"line":24,"column":73}},"type":"cond-expr","locations":[{"start":{"line":24,"column":37},"end":{"line":24,"column":54}},{"start":{"line":24,"column":57},"end":{"line":24,"column":73}}],"line":24},"2":{"loc":{"start":{"line":25,"column":41},"end":{"line":25,"column":66}},"type":"cond-expr","locations":[{"start":{"line":25,"column":50},"end":{"line":25,"column":57}},{"start":{"line":25,"column":60},"end":{"line":25,"column":66}}],"line":25},"3":{"loc":{"start":{"line":30,"column":7},"end":{"line":30,"column":75}},"type":"binary-expr","locations":[{"start":{"line":30,"column":7},"end":{"line":30,"column":13}},{"start":{"line":30,"column":17},"end":{"line":30,"column":75}}],"line":30}},"s":{"0":0,"1":0,"2":0,"3":0,"4":0,"5":0},"f":{"0":0,"1":0,"2":0},"b":{"0":[0,0],"1":[0,0],"2":[0,0],"3":[0,0]}}
,"/Users/hyunsushin/Desktop/concert-tracker-app/frontend/components/ExternalLink.tsx": {"path":"/Users/hyunsushin/Desktop/concert-tracker-app/frontend/components/ExternalLink.tsx","statementMap":{"0":{"start":{"line":9,"column":2},"end":{"line":23,"column":4}},"1":{"start":{"line":15,"column":8},"end":{"line":20,"column":9}},"2":{"start":{"line":17,"column":10},"end":{"line":17,"column":33}},"3":{"start":{"line":19,"column":10},"end":{"line":19,"column":39}}},"fnMap":{"0":{"name":"ExternalLink","decl":{"start":{"line":8,"column":16},"end":{"line":8,"column":28}},"loc":{"start":{"line":8,"column":55},"end":{"line":24,"column":1}},"line":8},"1":{"name":"(anonymous_1)","decl":{"start":{"line":14,"column":15},"end":{"line":14,"column":16}},"loc":{"start":{"line":14,"column":32},"end":{"line":21,"column":7}},"line":14}},"branchMap":{"0":{"loc":{"start":{"line":15,"column":8},"end":{"line":20,"column":9}},"type":"if","locations":[{"start":{"line":15,"column":8},"end":{"line":20,"column":9}},{"start":{},"end":{}}],"line":15}},"s":{"0":0,"1":0,"2":0,"3":0},"f":{"0":0,"1":0},"b":{"0":[0,0]}}
,"/Users/hyunsushin/Desktop/concert-tracker-app/frontend/components/HapticTab.tsx": {"path":"/Users/hyunsushin/Desktop/concert-tracker-app/frontend/components/HapticTab.tsx","statementMap":{"0":{"start":{"line":6,"column":2},"end":{"line":17,"column":4}},"1":{"start":{"line":10,"column":8},"end":{"line":13,"column":9}},"2":{"start":{"line":12,"column":10},"end":{"line":12,"column":65}},"3":{"start":{"line":14,"column":8},"end":{"line":14,"column":30}}},"fnMap":{"0":{"name":"HapticTab","decl":{"start":{"line":5,"column":16},"end":{"line":5,"column":25}},"loc":{"start":{"line":5,"column":58},"end":{"line":18,"column":1}},"line":5},"1":{"name":"(anonymous_1)","decl":{"start":{"line":9,"column":17},"end":{"line":9,"column":18}},"loc":{"start":{"line":9,"column":25},"end":{"line":15,"column":7}},"line":9}},"branchMap":{"0":{"loc":{"start":{"line":10,"column":8},"end":{"line":13,"column":9}},"type":"if","locations":[{"start":{"line":10,"column":8},"end":{"line":13,"column":9}},{"start":{},"end":{}}],"line":10}},"s":{"0":0,"1":0,"2":0,"3":0},"f":{"0":0,"1":0},"b":{"0":[0,0]}}
,"/Users/hyunsushin/Desktop/concert-tracker-app/frontend/components/HelloWave.tsx": {"path":"/Users/hyunsushin/Desktop/concert-tracker-app/frontend/components/HelloWave.tsx","statementMap":{"0":{"start":{"line":14,"column":28},"end":{"line":14,"column":45}},"1":{"start":{"line":16,"column":2},"end":{"line":21,"column":9}},"2":{"start":{"line":17,"column":4},"end":{"line":20,"column":6}},"3":{"start":{"line":23,"column":24},"end":{"line":25,"column":5}},"4":{"start":{"line":23,"column":48},"end":{"line":25,"column":3}},"5":{"start":{"line":27,"column":2},"end":{"line":31,"column":4}},"6":{"start":{"line":34,"column":15},"end":{"line":40,"column":2}}},"fnMap":{"0":{"name":"HelloWave","decl":{"start":{"line":13,"column":16},"end":{"line":13,"column":25}},"loc":{"start":{"line":13,"column":28},"end":{"line":32,"column":1}},"line":13},"1":{"name":"(anonymous_1)","decl":{"start":{"line":16,"column":12},"end":{"line":16,"column":13}},"loc":{"start":{"line":16,"column":18},"end":{"line":21,"column":3}},"line":16},"2":{"name":"(anonymous_2)","decl":{"start":{"line":23,"column":41},"end":{"line":23,"column":42}},"loc":{"start":{"line":23,"column":48},"end":{"line":25,"column":3}},"line":23}},"branchMap":{},"s":{"0":0,"1":0,"2":0,"3":0,"4":0,"5":0,"6":0},"f":{"0":0,"1":0,"2":0},"b":{}}
,"/Users/hyunsushin/Desktop/concert-tracker-app/frontend/components/ParallaxScrollView.tsx": {"path":"/Users/hyunsushin/Desktop/concert-tracker-app/frontend/components/ParallaxScrollView.tsx","statementMap":{"0":{"start":{"line":14,"column":22},"end":{"line":14,"column":25}},"1":{"start":{"line":26,"column":22},"end":{"line":26,"column":49}},"2":{"start":{"line":27,"column":20},"end":{"line":27,"column":57}},"3":{"start":{"line":28,"column":23},"end":{"line":28,"column":53}},"4":{"start":{"line":29,"column":17},"end":{"line":29,"column":39}},"5":{"start":{"line":30,"column":30},"end":{"line":45,"column":4}},"6":{"start":{"line":31,"column":4},"end":{"line":44,"column":6}},"7":{"start":{"line":47,"column":2},"end":{"line":65,"column":4}},"8":{"start":{"line":68,"column":15},"end":{"line":82,"column":2}}},"fnMap":{"0":{"name":"ParallaxScrollView","decl":{"start":{"line":21,"column":24},"end":{"line":21,"column":42}},"loc":{"start":{"line":25,"column":10},"end":{"line":66,"column":1}},"line":25},"1":{"name":"(anonymous_1)","decl":{"start":{"line":30,"column":47},"end":{"line":30,"column":48}},"loc":{"start":{"line":30,"column":53},"end":{"line":45,"column":3}},"line":30}},"branchMap":{"0":{"loc":{"start":{"line":26,"column":22},"end":{"line":26,"column":49}},"type":"binary-expr","locations":[{"start":{"line":26,"column":22},"end":{"line":26,"column":38}},{"start":{"line":26,"column":42},"end":{"line":26,"column":49}}],"line":26}},"s":{"0":0,"1":0,"2":0,"3":0,"4":0,"5":0,"6":0,"7":0,"8":0},"f":{"0":0,"1":0},"b":{"0":[0,0]}}
,"/Users/hyunsushin/Desktop/concert-tracker-app/frontend/components/ThemedText.tsx": {"path":"/Users/hyunsushin/Desktop/concert-tracker-app/frontend/components/ThemedText.tsx","statementMap":{"0":{"start":{"line":18,"column":16},"end":{"line":18,"column":77}},"1":{"start":{"line":20,"column":2},"end":{"line":33,"column":4}},"2":{"start":{"line":36,"column":15},"end":{"line":60,"column":2}}},"fnMap":{"0":{"name":"ThemedText","decl":{"start":{"line":11,"column":16},"end":{"line":11,"column":26}},"loc":{"start":{"line":17,"column":20},"end":{"line":34,"column":1}},"line":17}},"branchMap":{"0":{"loc":{"start":{"line":15,"column":2},"end":{"line":15,"column":18}},"type":"default-arg","locations":[{"start":{"line":15,"column":9},"end":{"line":15,"column":18}}],"line":15},"1":{"loc":{"start":{"line":24,"column":8},"end":{"line":24,"column":55}},"type":"cond-expr","locations":[{"start":{"line":24,"column":29},"end":{"line":24,"column":43}},{"start":{"line":24,"column":46},"end":{"line":24,"column":55}}],"line":24},"2":{"loc":{"start":{"line":25,"column":8},"end":{"line":25,"column":51}},"type":"cond-expr","locations":[{"start":{"line":25,"column":27},"end":{"line":25,"column":39}},{"start":{"line":25,"column":42},"end":{"line":25,"column":51}}],"line":25},"3":{"loc":{"start":{"line":26,"column":8},"end":{"line":26,"column":71}},"type":"cond-expr","locations":[{"start":{"line":26,"column":37},"end":{"line":26,"column":59}},{"start":{"line":26,"column":62},"end":{"line":26,"column":71}}],"line":26},"4":{"loc":{"start":{"line":27,"column":8},"end":{"line":27,"column":57}},"type":"cond-expr","locations":[{"start":{"line":27,"column":30},"end":{"line":27,"column":45}},{"start":{"line":27,"column":48},"end":{"line":27,"column":57}}],"line":27},"5":{"loc":{"start":{"line":28,"column":8},"end":{"line":28,"column":49}},"type":"cond-expr","locations":[{"start":{"line":28,"column":26},"end":{"line":28,"column":37}},{"start":{"line":28,"column":40},"end":{"line":28,"column":49}}],"line":28}},"s":{"0":0,"1":0,"2":0},"f":{"0":0},"b":{"0":[0],"1":[0,0],"2":[0,0],"3":[0,0],"4":[0,0],"5":[0,0]}}
,"/Users/hyunsushin/Desktop/concert-tracker-app/frontend/components/ThemedView.tsx": {"path":"/Users/hyunsushin/Desktop/concert-tracker-app/frontend/components/ThemedView.tsx","statementMap":{"0":{"start":{"line":11,"column":26},"end":{"line":11,"column":93}},"1":{"start":{"line":13,"column":2},"end":{"line":13,"column":71}}},"fnMap":{"0":{"name":"ThemedView","decl":{"start":{"line":10,"column":16},"end":{"line":10,"column":26}},"loc":{"start":{"line":10,"column":93},"end":{"line":14,"column":1}},"line":10}},"branchMap":{},"s":{"0":0,"1":0},"f":{"0":0},"b":{}}
,"/Users/hyunsushin/Desktop/concert-tracker-app/frontend/components/EventsList/EventsList.tsx": {"path":"/Users/hyunsushin/Desktop/concert-tracker-app/frontend/components/EventsList/EventsList.tsx","statementMap":{"0":{"start":{"line":29,"column":28},"end":{"line":29,"column":37}},"1":{"start":{"line":30,"column":2},"end":{"line":30,"column":46}},"2":{"start":{"line":30,"column":15},"end":{"line":30,"column":46}},"3":{"start":{"line":31,"column":2},"end":{"line":31,"column":47}},"4":{"start":{"line":31,"column":13},"end":{"line":31,"column":47}},"5":{"start":{"line":33,"column":20},"end":{"line":60,"column":3}},"6":{"start":{"line":41,"column":4},"end":{"line":59,"column":5}},"7":{"start":{"line":42,"column":23},"end":{"line":55,"column":7}},"8":{"start":{"line":56,"column":6},"end":{"line":56,"column":33}},"9":{"start":{"line":58,"column":6},"end":{"line":58,"column":76}},"10":{"start":{"line":62,"column":50},"end":{"line":62,"column":73}},"11":{"start":{"line":63,"column":44},"end":{"line":63,"column":67}},"12":{"start":{"line":65,"column":2},"end":{"line":93,"column":5}},"13":{"start":{"line":66,"column":26},"end":{"line":90,"column":5}},"14":{"start":{"line":67,"column":6},"end":{"line":89,"column":7}},"15":{"start":{"line":68,"column":20},"end":{"line":68,"column":86}},"16":{"start":{"line":69,"column":25},"end":{"line":69,"column":45}},"17":{"start":{"line":71,"column":23},"end":{"line":71,"column":51}},"18":{"start":{"line":74,"column":33},"end":{"line":78,"column":9}},"19":{"start":{"line":76,"column":40},"end":{"line":76,"column":63}},"20":{"start":{"line":77,"column":37},"end":{"line":77,"column":54}},"21":{"start":{"line":79,"column":30},"end":{"line":83,"column":9}},"22":{"start":{"line":81,"column":40},"end":{"line":81,"column":60}},"23":{"start":{"line":82,"column":37},"end":{"line":82,"column":54}},"24":{"start":{"line":85,"column":8},"end":{"line":85,"column":46}},"25":{"start":{"line":86,"column":8},"end":{"line":86,"column":40}},"26":{"start":{"line":88,"column":8},"end":{"line":88,"column":78}},"27":{"start":{"line":92,"column":4},"end":{"line":92,"column":20}},"28":{"start":{"line":95,"column":2},"end":{"line":174,"column":4}},"29":{"start":{"line":100,"column":8},"end":{"line":104,"column":9}},"30":{"start":{"line":101,"column":10},"end":{"line":101,"column":36}},"31":{"start":{"line":103,"column":10},"end":{"line":103,"column":23}},"32":{"start":{"line":107,"column":10},"end":{"line":107,"column":73}},"33":{"start":{"line":108,"column":30},"end":{"line":108,"column":65}},"34":{"start":{"line":110,"column":27},"end":{"line":110,"column":52}},"35":{"start":{"line":111,"column":24},"end":{"line":111,"column":46}},"36":{"start":{"line":112,"column":8},"end":{"line":167,"column":10}},"37":{"start":{"line":118,"column":53},"end":{"line":118,"column":78}},"38":{"start":{"line":125,"column":18},"end":{"line":134,"column":19}},"39":{"start":{"line":146,"column":18},"end":{"line":155,"column":19}},"40":{"start":{"line":170,"column":8},"end":{"line":170,"column":66}},"41":{"start":{"line":177,"column":15},"end":{"line":202,"column":2}}},"fnMap":{"0":{"name":"EventsList","decl":{"start":{"line":28,"column":24},"end":{"line":28,"column":34}},"loc":{"start":{"line":28,"column":68},"end":{"line":175,"column":1}},"line":28},"1":{"name":"(anonymous_1)","decl":{"start":{"line":33,"column":20},"end":{"line":33,"column":21}},"loc":{"start":{"line":40,"column":7},"end":{"line":60,"column":3}},"line":40},"2":{"name":"(anonymous_2)","decl":{"start":{"line":65,"column":12},"end":{"line":65,"column":13}},"loc":{"start":{"line":65,"column":18},"end":{"line":93,"column":3}},"line":65},"3":{"name":"(anonymous_3)","decl":{"start":{"line":66,"column":26},"end":{"line":66,"column":27}},"loc":{"start":{"line":66,"column":38},"end":{"line":90,"column":5}},"line":66},"4":{"name":"(anonymous_4)","decl":{"start":{"line":76,"column":20},"end":{"line":76,"column":21}},"loc":{"start":{"line":76,"column":40},"end":{"line":76,"column":63}},"line":76},"5":{"name":"(anonymous_5)","decl":{"start":{"line":77,"column":17},"end":{"line":77,"column":18}},"loc":{"start":{"line":77,"column":37},"end":{"line":77,"column":54}},"line":77},"6":{"name":"(anonymous_6)","decl":{"start":{"line":81,"column":20},"end":{"line":81,"column":21}},"loc":{"start":{"line":81,"column":40},"end":{"line":81,"column":60}},"line":81},"7":{"name":"(anonymous_7)","decl":{"start":{"line":82,"column":17},"end":{"line":82,"column":18}},"loc":{"start":{"line":82,"column":37},"end":{"line":82,"column":54}},"line":82},"8":{"name":"(anonymous_8)","decl":{"start":{"line":98,"column":18},"end":{"line":98,"column":19}},"loc":{"start":{"line":98,"column":32},"end":{"line":168,"column":7}},"line":98},"9":{"name":"(anonymous_9)","decl":{"start":{"line":118,"column":47},"end":{"line":118,"column":48}},"loc":{"start":{"line":118,"column":53},"end":{"line":118,"column":78}},"line":118},"10":{"name":"(anonymous_10)","decl":{"start":{"line":124,"column":25},"end":{"line":124,"column":26}},"loc":{"start":{"line":125,"column":18},"end":{"line":134,"column":19}},"line":125},"11":{"name":"(anonymous_11)","decl":{"start":{"line":145,"column":25},"end":{"line":145,"column":26}},"loc":{"start":{"line":146,"column":18},"end":{"line":155,"column":19}},"line":146},"12":{"name":"(anonymous_12)","decl":{"start":{"line":169,"column":20},"end":{"line":169,"column":21}},"loc":{"start":{"line":170,"column":8},"end":{"line":170,"column":66}},"line":170}},"branchMap":{"0":{"loc":{"start":{"line":30,"column":2},"end":{"line":30,"column":46}},"type":"if","locations":[{"start":{"line":30,"column":2},"end":{"line":30,"column":46}},{"start":{},"end":{}}],"line":30},"1":{"loc":{"start":{"line":31,"column":2},"end":{"line":31,"column":47}},"type":"if","locations":[{"start":{"line":31,"column":2},"end":{"line":31,"column":47}},{"start":{},"end":{}}],"line":31},"2":{"loc":{"start":{"line":58,"column":30},"end":{"line":58,"column":74}},"type":"binary-expr","locations":[{"start":{"line":58,"column":30},"end":{"line":58,"column":57}},{"start":{"line":58,"column":61},"end":{"line":58,"column":74}}],"line":58},"3":{"loc":{"start":{"line":88,"column":32},"end":{"line":88,"column":76}},"type":"binary-expr","locations":[{"start":{"line":88,"column":32},"end":{"line":88,"column":59}},{"start":{"line":88,"column":63},"end":{"line":88,"column":76}}],"line":88},"4":{"loc":{"start":{"line":100,"column":8},"end":{"line":104,"column":9}},"type":"if","locations":[{"start":{"line":100,"column":8},"end":{"line":104,"column":9}},{"start":{"line":102,"column":15},"end":{"line":104,"column":9}}],"line":100},"5":{"loc":{"start":{"line":107,"column":10},"end":{"line":107,"column":73}},"type":"cond-expr","locations":[{"start":{"line":107,"column":28},"end":{"line":107,"column":53}},{"start":{"line":107,"column":56},"end":{"line":107,"column":73}}],"line":107},"6":{"loc":{"start":{"line":115,"column":15},"end":{"line":115,"column":69}},"type":"cond-expr","locations":[{"start":{"line":115,"column":40},"end":{"line":115,"column":57}},{"start":{"line":115,"column":60},"end":{"line":115,"column":69}}],"line":115},"7":{"loc":{"start":{"line":127,"column":20},"end":{"line":127,"column":78}},"type":"cond-expr","locations":[{"start":{"line":127,"column":48},"end":{"line":127,"column":68}},{"start":{"line":127,"column":71},"end":{"line":127,"column":78}}],"line":127},"8":{"loc":{"start":{"line":128,"column":20},"end":{"line":128,"column":74}},"type":"cond-expr","locations":[{"start":{"line":128,"column":45},"end":{"line":128,"column":62}},{"start":{"line":128,"column":65},"end":{"line":128,"column":74}}],"line":128},"9":{"loc":{"start":{"line":129,"column":20},"end":{"line":131,"column":49}},"type":"cond-expr","locations":[{"start":{"line":130,"column":24},"end":{"line":130,"column":41}},{"start":{"line":131,"column":24},"end":{"line":131,"column":49}}],"line":129},"10":{"loc":{"start":{"line":139,"column":24},"end":{"line":139,"column":59}},"type":"cond-expr","locations":[{"start":{"line":139,"column":34},"end":{"line":139,"column":44}},{"start":{"line":139,"column":47},"end":{"line":139,"column":59}}],"line":139},"11":{"loc":{"start":{"line":148,"column":20},"end":{"line":148,"column":78}},"type":"cond-expr","locations":[{"start":{"line":148,"column":48},"end":{"line":148,"column":68}},{"start":{"line":148,"column":71},"end":{"line":148,"column":78}}],"line":148},"12":{"loc":{"start":{"line":149,"column":20},"end":{"line":149,"column":74}},"type":"cond-expr","locations":[{"start":{"line":149,"column":45},"end":{"line":149,"column":62}},{"start":{"line":149,"column":65},"end":{"line":149,"column":74}}],"line":149},"13":{"loc":{"start":{"line":150,"column":20},"end":{"line":152,"column":49}},"type":"cond-expr","locations":[{"start":{"line":151,"column":24},"end":{"line":151,"column":41}},{"start":{"line":152,"column":24},"end":{"line":152,"column":49}}],"line":150},"14":{"loc":{"start":{"line":160,"column":24},"end":{"line":160,"column":67}},"type":"cond-expr","locations":[{"start":{"line":160,"column":37},"end":{"line":160,"column":50}},{"start":{"line":160,"column":53},"end":{"line":160,"column":67}}],"line":160},"15":{"loc":{"start":{"line":170,"column":8},"end":{"line":170,"column":66}},"type":"cond-expr","locations":[{"start":{"line":170,"column":36},"end":{"line":170,"column":56}},{"start":{"line":170,"column":59},"end":{"line":170,"column":66}}],"line":170}},"s":{"0":0,"1":0,"2":0,"3":0,"4":0,"5":0,"6":0,"7":0,"8":0,"9":0,"10":0,"11":0,"12":0,"13":0,"14":0,"15":0,"16":0,"17":0,"18":0,"19":0,"20":0,"21":0,"22":0,"23":0,"24":0,"25":0,"26":0,"27":0,"28":0,"29":0,"30":0,"31":0,"32":0,"33":0,"34":0,"35":0,"36":0,"37":0,"38":0,"39":0,"40":0,"41":0},"f":{"0":0,"1":0,"2":0,"3":0,"4":0,"5":0,"6":0,"7":0,"8":0,"9":0,"10":0,"11":0,"12":0},"b":{"0":[0,0],"1":[0,0],"2":[0,0],"3":[0,0],"4":[0,0],"5":[0,0],"6":[0,0],"7":[0,0],"8":[0,0],"9":[0,0],"10":[0,0],"11":[0,0],"12":[0,0],"13":[0,0],"14":[0,0],"15":[0,0]}}
,"/Users/hyunsushin/Desktop/concert-tracker-app/frontend/components/Feed/Feed.tsx": {"path":"/Users/hyunsushin/Desktop/concert-tracker-app/frontend/components/Feed/Feed.tsx","statementMap":{"0":{"start":{"line":21,"column":28},"end":{"line":21,"column":37}},"1":{"start":{"line":22,"column":2},"end":{"line":24,"column":3}},"2":{"start":{"line":23,"column":4},"end":{"line":23,"column":33}},"3":{"start":{"line":26,"column":21},"end":{"line":46,"column":3}},"4":{"start":{"line":27,"column":27},"end":{"line":27,"column":34}},"5":{"start":{"line":28,"column":34},"end":{"line":28,"column":49}},"6":{"start":{"line":31,"column":4},"end":{"line":33,"column":29}},"7":{"start":{"line":32,"column":6},"end":{"line":32,"column":42}},"8":{"start":{"line":33,"column":9},"end":{"line":33,"column":29}},"9":{"start":{"line":35,"column":4},"end":{"line":45,"column":6}},"10":{"start":{"line":47,"column":2},"end":{"line":53,"column":4}},"11":{"start":{"line":51,"column":30},"end":{"line":51,"column":50}}},"fnMap":{"0":{"name":"Feed","decl":{"start":{"line":16,"column":24},"end":{"line":16,"column":28}},"loc":{"start":{"line":20,"column":3},"end":{"line":54,"column":1}},"line":20},"1":{"name":"(anonymous_1)","decl":{"start":{"line":26,"column":21},"end":{"line":26,"column":22}},"loc":{"start":{"line":26,"column":67},"end":{"line":46,"column":3}},"line":26},"2":{"name":"(anonymous_2)","decl":{"start":{"line":51,"column":20},"end":{"line":51,"column":21}},"loc":{"start":{"line":51,"column":30},"end":{"line":51,"column":50}},"line":51}},"branchMap":{"0":{"loc":{"start":{"line":22,"column":2},"end":{"line":24,"column":3}},"type":"if","locations":[{"start":{"line":22,"column":2},"end":{"line":24,"column":3}},{"start":{},"end":{}}],"line":22},"1":{"loc":{"start":{"line":31,"column":4},"end":{"line":33,"column":29}},"type":"if","locations":[{"start":{"line":31,"column":4},"end":{"line":33,"column":29}},{"start":{"line":33,"column":9},"end":{"line":33,"column":29}}],"line":31},"2":{"loc":{"start":{"line":31,"column":8},"end":{"line":31,"column":78}},"type":"binary-expr","locations":[{"start":{"line":31,"column":8},"end":{"line":31,"column":29}},{"start":{"line":31,"column":33},"end":{"line":31,"column":47}},{"start":{"line":31,"column":51},"end":{"line":31,"column":78}}],"line":31}},"s":{"0":1,"1":1,"2":0,"3":1,"4":2,"5":2,"6":2,"7":1,"8":1,"9":2,"10":1,"11":3},"f":{"0":1,"1":2,"2":3},"b":{"0":[0,1],"1":[1,1],"2":[2,2,2]},"_coverageSchema":"1a1c01bbd47fc00a2c39e90264f33305004495a9","hash":"3b5f3d1db3fac377e9f15cc2cc3db854da2c885d"}
,"/Users/hyunsushin/Desktop/concert-tracker-app/frontend/components/FeedItem/FeedItem.tsx": {"path":"/Users/hyunsushin/Desktop/concert-tracker-app/frontend/components/FeedItem/FeedItem.tsx","statementMap":{"0":{"start":{"line":26,"column":41},"end":{"line":26,"column":50}},"1":{"start":{"line":29,"column":2},"end":{"line":34,"column":6}},"2":{"start":{"line":30,"column":4},"end":{"line":34,"column":6}},"3":{"start":{"line":36,"column":2},"end":{"line":41,"column":6}},"4":{"start":{"line":37,"column":4},"end":{"line":41,"column":6}},"5":{"start":{"line":43,"column":34},"end":{"line":43,"column":57}},"6":{"start":{"line":44,"column":29},"end":{"line":44,"column":69}},"7":{"start":{"line":45,"column":30},"end":{"line":45,"column":67}},"8":{"start":{"line":47,"column":15},"end":{"line":58,"column":3}},"9":{"start":{"line":48,"column":4},"end":{"line":57,"column":5}},"10":{"start":{"line":49,"column":6},"end":{"line":54,"column":8}},"11":{"start":{"line":56,"column":6},"end":{"line":56,"column":37}},"12":{"start":{"line":60,"column":19},"end":{"line":72,"column":3}},"13":{"start":{"line":61,"column":4},"end":{"line":71,"column":5}},"14":{"start":{"line":62,"column":18},"end":{"line":64,"column":7}},"15":{"start":{"line":66,"column":20},"end":{"line":66,"column":40}},"16":{"start":{"line":67,"column":21},"end":{"line":67,"column":72}},"17":{"start":{"line":67,"column":63},"end":{"line":67,"column":70}},"18":{"start":{"line":68,"column":6},"end":{"line":68,"column":26}},"19":{"start":{"line":70,"column":6},"end":{"line":70,"column":37}},"20":{"start":{"line":73,"column":2},"end":{"line":73,"column":13}},"21":{"start":{"line":74,"column":18},"end":{"line":74,"column":47}},"22":{"start":{"line":76,"column":2},"end":{"line":113,"column":4}},"23":{"start":{"line":116,"column":15},"end":{"line":148,"column":2}}},"fnMap":{"0":{"name":"FeedItem","decl":{"start":{"line":8,"column":24},"end":{"line":8,"column":32}},"loc":{"start":{"line":24,"column":3},"end":{"line":114,"column":1}},"line":24},"1":{"name":"(anonymous_1)","decl":{"start":{"line":47,"column":15},"end":{"line":47,"column":16}},"loc":{"start":{"line":47,"column":27},"end":{"line":58,"column":3}},"line":47},"2":{"name":"(anonymous_2)","decl":{"start":{"line":60,"column":19},"end":{"line":60,"column":20}},"loc":{"start":{"line":60,"column":31},"end":{"line":72,"column":3}},"line":60},"3":{"name":"(anonymous_3)","decl":{"start":{"line":67,"column":47},"end":{"line":67,"column":48}},"loc":{"start":{"line":67,"column":63},"end":{"line":67,"column":70}},"line":67}},"branchMap":{"0":{"loc":{"start":{"line":29,"column":2},"end":{"line":34,"column":6}},"type":"if","locations":[{"start":{"line":29,"column":2},"end":{"line":34,"column":6}},{"start":{},"end":{}}],"line":29},"1":{"loc":{"start":{"line":36,"column":2},"end":{"line":41,"column":6}},"type":"if","locations":[{"start":{"line":36,"column":2},"end":{"line":41,"column":6}},{"start":{},"end":{}}],"line":36},"2":{"loc":{"start":{"line":94,"column":9},"end":{"line":94,"column":43}},"type":"binary-expr","locations":[{"start":{"line":94,"column":9},"end":{"line":94,"column":27}},{"start":{"line":94,"column":31},"end":{"line":94,"column":43}}],"line":94},"3":{"loc":{"start":{"line":101,"column":20},"end":{"line":101,"column":49}},"type":"cond-expr","locations":[{"start":{"line":101,"column":30},"end":{"line":101,"column":37}},{"start":{"line":101,"column":40},"end":{"line":101,"column":49}}],"line":101},"4":{"loc":{"start":{"line":103,"column":21},"end":{"line":103,"column":46}},"type":"cond-expr","locations":[{"start":{"line":103,"column":31},"end":{"line":103,"column":36}},{"start":{"line":103,"column":39},"end":{"line":103,"column":46}}],"line":103}},"s":{"0":2,"1":2,"2":0,"3":2,"4":0,"5":2,"6":2,"7":2,"8":2,"9":0,"10":0,"11":0,"12":2,"13":2,"14":2,"15":0,"16":0,"17":0,"18":0,"19":2,"20":2,"21":2,"22":2,"23":1},"f":{"0":2,"1":0,"2":2,"3":0},"b":{"0":[0,2],"1":[0,2],"2":[2,1],"3":[0,2],"4":[0,2]},"_coverageSchema":"1a1c01bbd47fc00a2c39e90264f33305004495a9","hash":"2fbd926620bd666bfd810b07aa672da3e85b72d7"}
,"/Users/hyunsushin/Desktop/concert-tracker-app/frontend/components/ui/IconSymbol.ios.tsx": {"path":"/Users/hyunsushin/Desktop/concert-tracker-app/frontend/components/ui/IconSymbol.ios.tsx","statementMap":{"0":{"start":{"line":17,"column":2},"end":{"line":31,"column":4}}},"fnMap":{"0":{"name":"IconSymbol","decl":{"start":{"line":4,"column":16},"end":{"line":4,"column":26}},"loc":{"start":{"line":16,"column":3},"end":{"line":32,"column":1}},"line":16}},"branchMap":{"0":{"loc":{"start":{"line":6,"column":2},"end":{"line":6,"column":11}},"type":"default-arg","locations":[{"start":{"line":6,"column":9},"end":{"line":6,"column":11}}],"line":6},"1":{"loc":{"start":{"line":9,"column":2},"end":{"line":9,"column":20}},"type":"default-arg","locations":[{"start":{"line":9,"column":11},"end":{"line":9,"column":20}}],"line":9}},"s":{"0":0},"f":{"0":0},"b":{"0":[0],"1":[0]}}
,"/Users/hyunsushin/Desktop/concert-tracker-app/frontend/components/ui/IconSymbol.tsx": {"path":"/Users/hyunsushin/Desktop/concert-tracker-app/frontend/components/ui/IconSymbol.tsx","statementMap":{"0":{"start":{"line":9,"column":16},"end":{"line":23,"column":1}},"1":{"start":{"line":44,"column":2},"end":{"line":44,"column":88}}},"fnMap":{"0":{"name":"IconSymbol","decl":{"start":{"line":32,"column":16},"end":{"line":32,"column":26}},"loc":{"start":{"line":43,"column":3},"end":{"line":45,"column":1}},"line":43}},"branchMap":{"0":{"loc":{"start":{"line":34,"column":2},"end":{"line":34,"column":11}},"type":"default-arg","locations":[{"start":{"line":34,"column":9},"end":{"line":34,"column":11}}],"line":34}},"s":{"0":0,"1":0},"f":{"0":0},"b":{"0":[0]}}
,"/Users/hyunsushin/Desktop/concert-tracker-app/frontend/components/ui/TabBarBackground.ios.tsx": {"path":"/Users/hyunsushin/Desktop/concert-tracker-app/frontend/components/ui/TabBarBackground.ios.tsx","statementMap":{"0":{"start":{"line":7,"column":2},"end":{"line":15,"column":4}},"1":{"start":{"line":19,"column":20},"end":{"line":19,"column":43}},"2":{"start":{"line":20,"column":21},"end":{"line":20,"column":40}},"3":{"start":{"line":21,"column":2},"end":{"line":21,"column":28}}},"fnMap":{"0":{"name":"BlurTabBarBackground","decl":{"start":{"line":6,"column":24},"end":{"line":6,"column":44}},"loc":{"start":{"line":6,"column":47},"end":{"line":16,"column":1}},"line":6},"1":{"name":"useBottomTabOverflow","decl":{"start":{"line":18,"column":16},"end":{"line":18,"column":36}},"loc":{"start":{"line":18,"column":39},"end":{"line":22,"column":1}},"line":18}},"branchMap":{},"s":{"0":0,"1":0,"2":0,"3":0},"f":{"0":0,"1":0},"b":{}}
,"/Users/hyunsushin/Desktop/concert-tracker-app/frontend/components/ui/TabBarBackground.tsx": {"path":"/Users/hyunsushin/Desktop/concert-tracker-app/frontend/components/ui/TabBarBackground.tsx","statementMap":{"0":{"start":{"line":5,"column":2},"end":{"line":5,"column":11}}},"fnMap":{"0":{"name":"useBottomTabOverflow","decl":{"start":{"line":4,"column":16},"end":{"line":4,"column":36}},"loc":{"start":{"line":4,"column":39},"end":{"line":6,"column":1}},"line":4}},"branchMap":{},"s":{"0":0},"f":{"0":0},"b":{}}
,"/Users/hyunsushin/Desktop/concert-tracker-app/frontend/constants/Colors.ts": {"path":"/Users/hyunsushin/Desktop/concert-tracker-app/frontend/constants/Colors.ts","statementMap":{"0":{"start":{"line":6,"column":23},"end":{"line":6,"column":32}},"1":{"start":{"line":7,"column":22},"end":{"line":7,"column":28}},"2":{"start":{"line":9,"column":22},"end":{"line":26,"column":1}}},"fnMap":{},"branchMap":{},"s":{"0":0,"1":0,"2":0},"f":{},"b":{}}
,"/Users/hyunsushin/Desktop/concert-tracker-app/frontend/constants/config.ts": {"path":"/Users/hyunsushin/Desktop/concert-tracker-app/frontend/constants/config.ts","statementMap":{"0":{"start":{"line":1,"column":26},"end":{"line":5,"column":1}}},"fnMap":{},"branchMap":{},"s":{"0":0},"f":{},"b":{}}
,"/Users/hyunsushin/Desktop/concert-tracker-app/frontend/context/UserContext.tsx": {"path":"/Users/hyunsushin/Desktop/concert-tracker-app/frontend/context/UserContext.tsx","statementMap":{"0":{"start":{"line":20,"column":20},"end":{"line":20,"column":73}},"1":{"start":{"line":22,"column":28},"end":{"line":67,"column":1}},"2":{"start":{"line":23,"column":26},"end":{"line":23,"column":53}},"3":{"start":{"line":24,"column":32},"end":{"line":24,"column":46}},"4":{"start":{"line":26,"column":2},"end":{"line":40,"column":9}},"5":{"start":{"line":27,"column":17},"end":{"line":27,"column":26}},"6":{"start":{"line":30,"column":24},"end":{"line":37,"column":6}},"7":{"start":{"line":31,"column":6},"end":{"line":36,"column":7}},"8":{"start":{"line":32,"column":8},"end":{"line":32,"column":43}},"9":{"start":{"line":34,"column":8},"end":{"line":34,"column":22}},"10":{"start":{"line":35,"column":8},"end":{"line":35,"column":26}},"11":{"start":{"line":39,"column":4},"end":{"line":39,"column":31}},"12":{"start":{"line":39,"column":17},"end":{"line":39,"column":30}},"13":{"start":{"line":43,"column":27},"end":{"line":60,"column":3}},"14":{"start":{"line":44,"column":4},"end":{"line":59,"column":5}},"15":{"start":{"line":45,"column":23},"end":{"line":49,"column":7}},"16":{"start":{"line":51,"column":6},"end":{"line":51,"column":69}},"17":{"start":{"line":51,"column":24},"end":{"line":51,"column":69}},"18":{"start":{"line":53,"column":23},"end":{"line":53,"column":44}},"19":{"start":{"line":54,"column":6},"end":{"line":54,"column":24}},"20":{"start":{"line":56,"column":6},"end":{"line":56,"column":51}},"21":{"start":{"line":58,"column":6},"end":{"line":58,"column":24}},"22":{"start":{"line":62,"column":2},"end":{"line":66,"column":4}},"23":{"start":{"line":70,"column":23},"end":{"line":76,"column":1}},"24":{"start":{"line":71,"column":18},"end":{"line":71,"column":41}},"25":{"start":{"line":72,"column":2},"end":{"line":74,"column":3}},"26":{"start":{"line":73,"column":4},"end":{"line":73,"column":66}},"27":{"start":{"line":75,"column":2},"end":{"line":75,"column":17}}},"fnMap":{"0":{"name":"(anonymous_0)","decl":{"start":{"line":22,"column":28},"end":{"line":22,"column":29}},"loc":{"start":{"line":22,"column":77},"end":{"line":67,"column":1}},"line":22},"1":{"name":"(anonymous_1)","decl":{"start":{"line":26,"column":12},"end":{"line":26,"column":13}},"loc":{"start":{"line":26,"column":18},"end":{"line":40,"column":3}},"line":26},"2":{"name":"(anonymous_2)","decl":{"start":{"line":30,"column":49},"end":{"line":30,"column":50}},"loc":{"start":{"line":30,"column":73},"end":{"line":37,"column":5}},"line":30},"3":{"name":"(anonymous_3)","decl":{"start":{"line":39,"column":11},"end":{"line":39,"column":12}},"loc":{"start":{"line":39,"column":17},"end":{"line":39,"column":30}},"line":39},"4":{"name":"(anonymous_4)","decl":{"start":{"line":43,"column":27},"end":{"line":43,"column":28}},"loc":{"start":{"line":43,"column":58},"end":{"line":60,"column":3}},"line":43},"5":{"name":"(anonymous_5)","decl":{"start":{"line":70,"column":23},"end":{"line":70,"column":24}},"loc":{"start":{"line":70,"column":46},"end":{"line":76,"column":1}},"line":70}},"branchMap":{"0":{"loc":{"start":{"line":31,"column":6},"end":{"line":36,"column":7}},"type":"if","locations":[{"start":{"line":31,"column":6},"end":{"line":36,"column":7}},{"start":{"line":33,"column":13},"end":{"line":36,"column":7}}],"line":31},"1":{"loc":{"start":{"line":51,"column":6},"end":{"line":51,"column":69}},"type":"if","locations":[{"start":{"line":51,"column":6},"end":{"line":51,"column":69}},{"start":{},"end":{}}],"line":51},"2":{"loc":{"start":{"line":72,"column":2},"end":{"line":74,"column":3}},"type":"if","locations":[{"start":{"line":72,"column":2},"end":{"line":74,"column":3}},{"start":{},"end":{}}],"line":72}},"s":{"0":0,"1":0,"2":0,"3":0,"4":0,"5":0,"6":0,"7":0,"8":0,"9":0,"10":0,"11":0,"12":0,"13":0,"14":0,"15":0,"16":0,"17":0,"18":0,"19":0,"20":0,"21":0,"22":0,"23":0,"24":0,"25":0,"26":0,"27":0},"f":{"0":0,"1":0,"2":0,"3":0,"4":0,"5":0},"b":{"0":[0,0],"1":[0,0],"2":[0,0]}}
,"/Users/hyunsushin/Desktop/concert-tracker-app/frontend/hooks/useColorScheme.ts": {"path":"/Users/hyunsushin/Desktop/concert-tracker-app/frontend/hooks/useColorScheme.ts","statementMap":{},"fnMap":{},"branchMap":{},"s":{},"f":{},"b":{}}
,"/Users/hyunsushin/Desktop/concert-tracker-app/frontend/hooks/useColorScheme.web.ts": {"path":"/Users/hyunsushin/Desktop/concert-tracker-app/frontend/hooks/useColorScheme.web.ts","statementMap":{"0":{"start":{"line":8,"column":40},"end":{"line":8,"column":55}},"1":{"start":{"line":10,"column":2},"end":{"line":12,"column":9}},"2":{"start":{"line":11,"column":4},"end":{"line":11,"column":25}},"3":{"start":{"line":14,"column":22},"end":{"line":14,"column":40}},"4":{"start":{"line":16,"column":2},"end":{"line":18,"column":3}},"5":{"start":{"line":17,"column":4},"end":{"line":17,"column":23}},"6":{"start":{"line":20,"column":2},"end":{"line":20,"column":17}}},"fnMap":{"0":{"name":"useColorScheme","decl":{"start":{"line":7,"column":16},"end":{"line":7,"column":30}},"loc":{"start":{"line":7,"column":33},"end":{"line":21,"column":1}},"line":7},"1":{"name":"(anonymous_1)","decl":{"start":{"line":10,"column":12},"end":{"line":10,"column":13}},"loc":{"start":{"line":10,"column":18},"end":{"line":12,"column":3}},"line":10}},"branchMap":{"0":{"loc":{"start":{"line":16,"column":2},"end":{"line":18,"column":3}},"type":"if","locations":[{"start":{"line":16,"column":2},"end":{"line":18,"column":3}},{"start":{},"end":{}}],"line":16}},"s":{"0":0,"1":0,"2":0,"3":0,"4":0,"5":0,"6":0},"f":{"0":0,"1":0},"b":{"0":[0,0]}}
,"/Users/hyunsushin/Desktop/concert-tracker-app/frontend/hooks/useThemeColor.ts": {"path":"/Users/hyunsushin/Desktop/concert-tracker-app/frontend/hooks/useThemeColor.ts","statementMap":{"0":{"start":{"line":13,"column":16},"end":{"line":13,"column":43}},"1":{"start":{"line":14,"column":25},"end":{"line":14,"column":37}},"2":{"start":{"line":16,"column":2},"end":{"line":20,"column":3}},"3":{"start":{"line":17,"column":4},"end":{"line":17,"column":26}},"4":{"start":{"line":19,"column":4},"end":{"line":19,"column":36}}},"fnMap":{"0":{"name":"useThemeColor","decl":{"start":{"line":9,"column":16},"end":{"line":9,"column":29}},"loc":{"start":{"line":12,"column":2},"end":{"line":21,"column":1}},"line":12}},"branchMap":{"0":{"loc":{"start":{"line":13,"column":16},"end":{"line":13,"column":43}},"type":"binary-expr","locations":[{"start":{"line":13,"column":16},"end":{"line":13,"column":32}},{"start":{"line":13,"column":36},"end":{"line":13,"column":43}}],"line":13},"1":{"loc":{"start":{"line":16,"column":2},"end":{"line":20,"column":3}},"type":"if","locations":[{"start":{"line":16,"column":2},"end":{"line":20,"column":3}},{"start":{"line":18,"column":9},"end":{"line":20,"column":3}}],"line":16}},"s":{"0":0,"1":0,"2":0,"3":0,"4":0},"f":{"0":0},"b":{"0":[0,0],"1":[0,0]}}
,"/Users/hyunsushin/Desktop/concert-tracker-app/frontend/scripts/reset-project.js": {"path":"/Users/hyunsushin/Desktop/concert-tracker-app/frontend/scripts/reset-project.js","statementMap":{"0":{"start":{"line":9,"column":11},"end":{"line":9,"column":24}},"1":{"start":{"line":10,"column":13},"end":{"line":10,"column":28}},"2":{"start":{"line":12,"column":13},"end":{"line":12,"column":26}},"3":{"start":{"line":13,"column":16},"end":{"line":13,"column":70}},"4":{"start":{"line":14,"column":15},"end":{"line":14,"column":28}},"5":{"start":{"line":15,"column":18},"end":{"line":15,"column":23}},"6":{"start":{"line":16,"column":19},"end":{"line":16,"column":42}},"7":{"start":{"line":18,"column":21},"end":{"line":33,"column":1}},"8":{"start":{"line":35,"column":22},"end":{"line":40,"column":1}},"9":{"start":{"line":42,"column":24},"end":{"line":82,"column":1}},"10":{"start":{"line":43,"column":2},"end":{"line":81,"column":3}},"11":{"start":{"line":45,"column":4},"end":{"line":45,"column":61}},"12":{"start":{"line":46,"column":4},"end":{"line":46,"column":52}},"13":{"start":{"line":49,"column":4},"end":{"line":58,"column":5}},"14":{"start":{"line":50,"column":25},"end":{"line":50,"column":45}},"15":{"start":{"line":51,"column":25},"end":{"line":51,"column":53}},"16":{"start":{"line":52,"column":6},"end":{"line":57,"column":7}},"17":{"start":{"line":53,"column":8},"end":{"line":53,"column":57}},"18":{"start":{"line":54,"column":8},"end":{"line":54,"column":62}},"19":{"start":{"line":56,"column":8},"end":{"line":56,"column":60}},"20":{"start":{"line":61,"column":26},"end":{"line":61,"column":52}},"21":{"start":{"line":62,"column":4},"end":{"line":62,"column":64}},"22":{"start":{"line":63,"column":4},"end":{"line":63,"column":52}},"23":{"start":{"line":66,"column":22},"end":{"line":66,"column":59}},"24":{"start":{"line":67,"column":4},"end":{"line":67,"column":57}},"25":{"start":{"line":68,"column":4},"end":{"line":68,"column":45}},"26":{"start":{"line":71,"column":23},"end":{"line":71,"column":62}},"27":{"start":{"line":72,"column":4},"end":{"line":72,"column":59}},"28":{"start":{"line":73,"column":4},"end":{"line":73,"column":47}},"29":{"start":{"line":75,"column":4},"end":{"line":75,"column":59}},"30":{"start":{"line":76,"column":4},"end":{"line":78,"column":6}},"31":{"start":{"line":80,"column":4},"end":{"line":80,"column":61}},"32":{"start":{"line":84,"column":0},"end":{"line":84,"column":18}}},"fnMap":{"0":{"name":"(anonymous_0)","decl":{"start":{"line":42,"column":24},"end":{"line":42,"column":25}},"loc":{"start":{"line":42,"column":36},"end":{"line":82,"column":1}},"line":42}},"branchMap":{"0":{"loc":{"start":{"line":52,"column":6},"end":{"line":57,"column":7}},"type":"if","locations":[{"start":{"line":52,"column":6},"end":{"line":57,"column":7}},{"start":{"line":55,"column":13},"end":{"line":57,"column":7}}],"line":52}},"s":{"0":0,"1":0,"2":0,"3":0,"4":0,"5":0,"6":0,"7":0,"8":0,"9":0,"10":0,"11":0,"12":0,"13":0,"14":0,"15":0,"16":0,"17":0,"18":0,"19":0,"20":0,"21":0,"22":0,"23":0,"24":0,"25":0,"26":0,"27":0,"28":0,"29":0,"30":0,"31":0,"32":0},"f":{"0":0},"b":{"0":[0,0]}}
}
